[INFO ] 2021-08-25 11:27:27.495 [main] AuditService - *** Audit *** VALID (Validated) USER (RocketQAUser (#1430)) AUTHENTICATE (Validate hashed password) CREDENTIAL (HASHED_PASSWORD(# 1432))  in 383 ms
[INFO ] 2021-08-25 11:27:27.557 [main] AuditService - *** Audit *** VALID (Validated) USER (RocketQAUser2 (#1462)) AUTHENTICATE (Validate hashed password) CREDENTIAL (HASHED_PASSWORD(# 1464))  in 4 ms
[INFO ] 2021-08-25 11:27:27.584 [main] AuditService - *** Audit *** PERMIT (Access authorized to group Data) USER (am:user:development:rocketqauser) READ (~/Data) GROUP (am:group:development:data:home.rocketqauser.data)  in 8 ms
[INFO ] 2021-08-25 11:27:27.595 [main] BaseDataAccessTest - Test search count
[INFO ] 2021-08-25 11:27:27.596 [main] AuditService - *** Audit *** PERMIT (Access authorized to group Data) USER (am:user:development:rocketqauser) READ (~/Data) GROUP (am:group:development:data:home.rocketqauser.data)  in 0 ms
[INFO ] 2021-08-25 11:27:27.673 [main] EffectiveAuthorizationService - Rebuilt role cache in 51 ms
[INFO ] 2021-08-25 11:27:27.696 [main] AuthorizedSearchService - *** QUERY TIME: 12ms
[INFO ] 2021-08-25 11:27:27.697 [main] BaseDataAccessTest - Received 3
[INFO ] 2021-08-25 11:27:27.702 [main] AuthorizedSearchService - *** QUERY TIME: 4ms
[INFO ] 2021-08-25 11:27:27.712 [main] BaseDataAccessTest - Results: 3
[INFO ] 2021-08-25 17:13:47.454 [main] AuditService - *** Audit *** VALID (Validated) USER (RocketQAUser (#1430)) AUTHENTICATE (Validate hashed password) CREDENTIAL (HASHED_PASSWORD(# 1432))  in 443 ms
[INFO ] 2021-08-25 17:13:47.542 [main] AuditService - *** Audit *** VALID (Validated) USER (RocketQAUser2 (#1462)) AUTHENTICATE (Validate hashed password) CREDENTIAL (HASHED_PASSWORD(# 1464))  in 6 ms
[INFO ] 2021-08-25 17:13:47.582 [main] AuditService - *** Audit *** PERMIT (Access authorized to group Data) USER (am:user:development:rocketqauser) READ (~/Data) GROUP (am:group:development:data:home.rocketqauser.data)  in 8 ms
[INFO ] 2021-08-25 17:13:47.592 [main] BaseDataAccessTest - Test search count
[INFO ] 2021-08-25 17:13:47.593 [main] AuditService - *** Audit *** PERMIT (Access authorized to group Data) USER (am:user:development:rocketqauser) READ (~/Data) GROUP (am:group:development:data:home.rocketqauser.data)  in 0 ms
[INFO ] 2021-08-25 17:13:47.689 [main] EffectiveAuthorizationService - Rebuilt role cache in 70 ms
[INFO ] 2021-08-25 17:13:47.727 [main] AuthorizedSearchService - *** QUERY TIME: 20ms
[INFO ] 2021-08-25 17:13:47.727 [main] BaseDataAccessTest - Received 3
[INFO ] 2021-08-25 17:13:47.737 [main] AuthorizedSearchService - *** QUERY TIME: 7ms
[INFO ] 2021-08-25 17:13:47.752 [main] BaseDataAccessTest - Results: 3
[INFO ] 2021-08-25 17:38:19.919 [main] AuditService - *** Audit *** VALID (Validated) USER (RocketQAUser (#1430)) AUTHENTICATE (Validate hashed password) CREDENTIAL (HASHED_PASSWORD(# 1432))  in 392 ms
[INFO ] 2021-08-25 17:38:19.976 [main] AuditService - *** Audit *** VALID (Validated) USER (RocketQAUser2 (#1462)) AUTHENTICATE (Validate hashed password) CREDENTIAL (HASHED_PASSWORD(# 1464))  in 4 ms
[INFO ] 2021-08-25 17:38:20.352 [main] BaseDataAccessTest - New key: 37269bb3-2f22-43e5-8d20-8488c05af781
[INFO ] 2021-08-25 20:55:55.725 [main] AuditService - *** Audit *** VALID (Validated) USER (RocketQAUser (#1430)) AUTHENTICATE (Validate hashed password) CREDENTIAL (HASHED_PASSWORD(# 1432))  in 474 ms
[INFO ] 2021-08-25 20:55:55.795 [main] AuditService - *** Audit *** VALID (Validated) USER (RocketQAUser2 (#1462)) AUTHENTICATE (Validate hashed password) CREDENTIAL (HASHED_PASSWORD(# 1464))  in 4 ms
[INFO ] 2021-08-25 20:55:56.226 [main] BaseDataAccessTest - New key: 153ac65e-aac6-44e6-9b01-6f5a9ec961d2
